
    INFO 
    root
    Function : updateDoNotShowAgain
    Line     : 31
    Message  : Updated Value of key : (donotshowagain) 
	 value : False
    xxxxxxxxxxxxxxxxxxxxxxxxxxxxxxx

    INFO 
    root
    Function : updateAutoStart
    Line     : 65
    Message  : Updated Value of key : (autoStart) 
	 value : False
    xxxxxxxxxxxxxxxxxxxxxxxxxxxxxxx

    INFO 
    root
    Function : readRunning
    Line     : 82
    Message  : Value of key (running) read as (False)
    xxxxxxxxxxxxxxxxxxxxxxxxxxxxxxx

    INFO 
    root
    Function : updateChromePath
    Line     : 51
    Message  : Updated Value of key : (chromedriverpath) 
	 value : lib\driver\chromedriver.exe
    xxxxxxxxxxxxxxxxxxxxxxxxxxxxxxx

    INFO 
    root
    Function : readAutoStart
    Line     : 69
    Message  : Value of key (autoStart) read as (False)
    xxxxxxxxxxxxxxxxxxxxxxxxxxxxxxx

    INFO 
    scripts.dbHandeler
    Function : __init__
    Line     : 14
    Message  : Connection with database established.
    xxxxxxxxxxxxxxxxxxxxxxxxxxxxxxx

    INFO 
    scripts.dbHandeler
    Function : fetchdata
    Line     : 211
    Message  : Fetched every account from database
    xxxxxxxxxxxxxxxxxxxxxxxxxxxxxxx

    INFO 
    root
    Function : __init__
    Line     : 186
    Message  : Initiated Menu bar.
    xxxxxxxxxxxxxxxxxxxxxxxxxxxxxxx

    INFO 
    root
    Function : updateRunning
    Line     : 78
    Message  : Updated Value of key : (running) 
	 value : False
    xxxxxxxxxxxxxxxxxxxxxxxxxxxxxxx

    INFO 
    root
    Function : readDoNotShowAgain
    Line     : 35
    Message  : Value of key (donotshowagain) read as (False)
    xxxxxxxxxxxxxxxxxxxxxxxxxxxxxxx

    INFO 
    root
    Function : __init__
    Line     : 143
    Message  : How To Use Window initiated.
    xxxxxxxxxxxxxxxxxxxxxxxxxxxxxxx

    INFO 
    root
    Function : __init__
    Line     : 143
    Message  : How To Use Window initiated.
    xxxxxxxxxxxxxxxxxxxxxxxxxxxxxxx

    INFO 
    root
    Function : readChromePath
    Line     : 55
    Message  : Value of key (chromedriverpath) read as (lib\driver\chromedriver.exe)
    xxxxxxxxxxxxxxxxxxxxxxxxxxxxxxx

    INFO 
    scripts.bot
    Function : __init__
    Line     : 35
    Message  : Bot using Chrome browser.
    xxxxxxxxxxxxxxxxxxxxxxxxxxxxxxx
